0 info it worked if it ends with ok
1 verbose cli [ 'C:\\Program Files\\nodejs\\node.exe',
1 verbose cli   'C:\\Users\\wonny\\AppData\\Roaming\\npm\\node_modules\\npm\\bin\\npm-cli.js',
1 verbose cli   'start' ]
2 info using npm@4.0.2
3 info using node@v6.9.1
4 verbose run-script [ 'prestart', 'start', 'poststart' ]
5 info lifecycle test02@1.0.0~prestart: test02@1.0.0
6 silly lifecycle test02@1.0.0~prestart: no script for prestart, continuing
7 info lifecycle test02@1.0.0~start: test02@1.0.0
8 verbose lifecycle test02@1.0.0~start: unsafe-perm in lifecycle true
9 verbose lifecycle test02@1.0.0~start: PATH: C:\Users\wonny\AppData\Roaming\npm\node_modules\npm\bin\node-gyp-bin;C:\electronspace\electron-react\node_modules\.bin;C:\WINDOWS\system32;C:\WINDOWS;C:\WINDOWS\System32\Wbem;C:\WINDOWS\System32\WindowsPowerShell\v1.0\;C:\Program Files\nodejs\;C:\Program Files\Git\cmd;C:\Program Files\MySQL\MySQL Server 5.7;C:\Program Files\MySQL\MySQL Server 5.7\bin;C:\Users\wonny\AppData\Local\Programs\Python\Python35\Scripts;C:\Program Files\Intel\WiFi\bin\;C:\Program Files\Common Files\Intel\WirelessCommon\;C:\Program Files (x86)\Windows Kits\8.1\Windows Performance Toolkit\;C:\Program Files (x86)\Dev-Cpp\MinGW64\bin;C:\Program Files\MongoDB\Server\3.2\bin;C:\Apache24\bin;C:\Users\wonny\AppData\Local\Programs\Python\Python35\Scripts\;C:\Users\wonny\AppData\Local\Programs\Python\Python35\;C:\Users\wonny\AppData\Local\Microsoft\WindowsApps;C:\Users\wonny\AppData\Roaming\npm;C:\Program Files (x86)\Microsoft VS Code\bin;C:\Program Files\Intel\WiFi\bin\;C:\Program Files\Common Files\Intel\WirelessCommon\;C:\Users\wonny\AppData\Local\atom\bin
10 verbose lifecycle test02@1.0.0~start: CWD: C:\electronspace\electron-react
11 silly lifecycle test02@1.0.0~start: Args: [ '/d /s /c', 'webpack-dev-server --hot --host 0.0.0.0' ]
12 verbose stack Error: kill ENOSYS
12 verbose stack     at exports._errnoException (util.js:1026:11)
12 verbose stack     at process.kill (internal/process.js:172:13)
12 verbose stack     at process.listener (C:\Users\wonny\AppData\Roaming\npm\node_modules\npm\node_modules\npmlog\node_modules\gauge\node_modules\signal-exit\index.js:86:15)
12 verbose stack     at emitNone (events.js:91:20)
12 verbose stack     at process.emit (events.js:185:7)
12 verbose stack     at processEmit (C:\Users\wonny\AppData\Roaming\npm\node_modules\npm\node_modules\npmlog\node_modules\gauge\node_modules\signal-exit\index.js:146:32)
12 verbose stack     at processEmit (C:\Users\wonny\AppData\Roaming\npm\node_modules\npm\node_modules\npm-registry-client\node_modules\npmlog\node_modules\gauge\node_modules\signal-exit\index.js:146:32)
12 verbose stack     at Signal.wrap.onsignal (internal/process.js:199:44)
13 verbose cwd C:\electronspace\electron-react
14 error Windows_NT 10.0.14393
15 error argv "C:\\Program Files\\nodejs\\node.exe" "C:\\Users\\wonny\\AppData\\Roaming\\npm\\node_modules\\npm\\bin\\npm-cli.js" "start"
16 error node v6.9.1
17 error npm  v4.0.2
18 error code ENOSYS
19 error errno ENOSYS
20 error syscall kill
21 error kill ENOSYS
22 error If you need help, you may report this error at:
22 error     <https://github.com/npm/npm/issues>
23 verbose exit [ 1, true ]
